0 info it worked if it ends with ok
1 verbose cli [ 'node', '/usr/local/bin/npm', 'install', 'js2coffee', '-g' ]
2 info using npm@1.3.21
3 info using node@v0.10.24
4 verbose cache add [ 'js2coffee', null ]
5 verbose cache add name=undefined spec="js2coffee" args=["js2coffee",null]
6 verbose parsed url { protocol: null,
6 verbose parsed url   slashes: null,
6 verbose parsed url   auth: null,
6 verbose parsed url   host: null,
6 verbose parsed url   port: null,
6 verbose parsed url   hostname: null,
6 verbose parsed url   hash: null,
6 verbose parsed url   search: null,
6 verbose parsed url   query: null,
6 verbose parsed url   pathname: 'js2coffee',
6 verbose parsed url   path: 'js2coffee',
6 verbose parsed url   href: 'js2coffee' }
7 silly lockFile fe02976f-js2coffee js2coffee
8 verbose lock js2coffee /Users/jonniespratley/.npm/fe02976f-js2coffee.lock
9 silly lockFile fe02976f-js2coffee js2coffee
10 silly lockFile fe02976f-js2coffee js2coffee
11 verbose addNamed [ 'js2coffee', '' ]
12 verbose addNamed [ null, '*' ]
13 silly lockFile 5eedc53f-js2coffee js2coffee@
14 verbose lock js2coffee@ /Users/jonniespratley/.npm/5eedc53f-js2coffee.lock
15 silly addNameRange { name: 'js2coffee', range: '*', hasData: false }
16 verbose url raw js2coffee
17 verbose url resolving [ 'https://registry.npmjs.org/', './js2coffee' ]
18 verbose url resolved https://registry.npmjs.org/js2coffee
19 info trying registry request attempt 1 at 18:20:27
20 http GET https://registry.npmjs.org/js2coffee
21 http 200 https://registry.npmjs.org/js2coffee
22 silly registry.get cb [ 200,
22 silly registry.get   { date: 'Thu, 20 Mar 2014 01:20:27 GMT',
22 silly registry.get     server: 'CouchDB/1.5.0 (Erlang OTP/R14B04)',
22 silly registry.get     etag: '"2IDSUFAQSEPQ44PI6ZTZJFV40"',
22 silly registry.get     'content-type': 'application/json',
22 silly registry.get     via: '1.1 varnish',
22 silly registry.get     'cache-control': 'max-age=1',
22 silly registry.get     'content-length': '26122',
22 silly registry.get     'accept-ranges': 'bytes',
22 silly registry.get     age: '4006',
22 silly registry.get     'x-served-by': 'cache-v42-ASH, cache-lax1432-LAX',
22 silly registry.get     'x-cache': 'HIT, MISS',
22 silly registry.get     'x-cache-hits': '1, 0',
22 silly registry.get     'x-timer': 'S1395264295.610408306,VS0,VS-965,VE-954,VE14132268',
22 silly registry.get     vary: 'Accept',
22 silly registry.get     'keep-alive': 'timeout=10, max=50',
22 silly registry.get     connection: 'Keep-Alive' } ]
23 silly addNameRange number 2 { name: 'js2coffee', range: '*', hasData: true }
24 silly addNameRange versions [ 'js2coffee',
24 silly addNameRange   [ '0.0.1',
24 silly addNameRange     '0.0.2',
24 silly addNameRange     '0.0.3',
24 silly addNameRange     '0.0.4',
24 silly addNameRange     '0.0.5',
24 silly addNameRange     '0.1.0',
24 silly addNameRange     '0.1.1',
24 silly addNameRange     '0.1.2',
24 silly addNameRange     '0.1.3',
24 silly addNameRange     '0.1.4',
24 silly addNameRange     '0.2.0',
24 silly addNameRange     '0.2.1',
24 silly addNameRange     '0.2.3',
24 silly addNameRange     '0.2.4',
24 silly addNameRange     '0.2.5',
24 silly addNameRange     '0.2.6',
24 silly addNameRange     '0.2.7' ] ]
25 verbose addNamed [ 'js2coffee', '0.2.7' ]
26 verbose addNamed [ '0.2.7', '0.2.7' ]
27 silly lockFile d35459d3-js2coffee-0-2-7 js2coffee@0.2.7
28 verbose lock js2coffee@0.2.7 /Users/jonniespratley/.npm/d35459d3-js2coffee-0-2-7.lock
29 silly lockFile 2f68b5bf-rg-js2coffee-js2coffee-0-2-7-tgz https://registry.npmjs.org/js2coffee/-/js2coffee-0.2.7.tgz
30 verbose lock https://registry.npmjs.org/js2coffee/-/js2coffee-0.2.7.tgz /Users/jonniespratley/.npm/2f68b5bf-rg-js2coffee-js2coffee-0-2-7-tgz.lock
31 verbose addRemoteTarball [ 'https://registry.npmjs.org/js2coffee/-/js2coffee-0.2.7.tgz',
31 verbose addRemoteTarball   '8a5d15f8d4168155d0f9c7dc5e33a8d4203d34bc' ]
32 info retry fetch attempt 1 at 18:20:27
33 verbose fetch to= /Users/jonniespratley/tmp/npm-33293-KYu5BKO0/1395278427959-0.7005102313123643/tmp.tgz
34 http GET https://registry.npmjs.org/js2coffee/-/js2coffee-0.2.7.tgz
35 http 200 https://registry.npmjs.org/js2coffee/-/js2coffee-0.2.7.tgz
36 verbose tar unpack /Users/jonniespratley/tmp/npm-33293-KYu5BKO0/1395278427959-0.7005102313123643/tmp.tgz
37 silly lockFile 93bc866e-27959-0-7005102313123643-package tar:///Users/jonniespratley/tmp/npm-33293-KYu5BKO0/1395278427959-0.7005102313123643/package
38 verbose lock tar:///Users/jonniespratley/tmp/npm-33293-KYu5BKO0/1395278427959-0.7005102313123643/package /Users/jonniespratley/.npm/93bc866e-27959-0-7005102313123643-package.lock
39 silly lockFile 8affb0a8-27959-0-7005102313123643-tmp-tgz tar:///Users/jonniespratley/tmp/npm-33293-KYu5BKO0/1395278427959-0.7005102313123643/tmp.tgz
40 verbose lock tar:///Users/jonniespratley/tmp/npm-33293-KYu5BKO0/1395278427959-0.7005102313123643/tmp.tgz /Users/jonniespratley/.npm/8affb0a8-27959-0-7005102313123643-tmp-tgz.lock
41 silly gunzTarPerm modes [ '755', '644' ]
42 silly gunzTarPerm extractEntry package.json
43 silly gunzTarPerm extractEntry .npmignore
44 silly gunzTarPerm extractEntry README.md
45 silly gunzTarPerm extractEntry test0r.js
46 silly gunzTarPerm extractEntry browser.js
47 silly gunzTarPerm extractEntry bundle.js
48 silly gunzTarPerm extractEntry horible.js
49 silly gunzTarPerm extractEntry .js
50 silly gunzTarPerm extractEntry test.js
51 silly gunzTarPerm extractEntry cyclic.js
52 silly gunzTarPerm extractEntry js2coffee-buglist.txt
53 silly gunzTarPerm extractEntry .idea/.name
54 silly gunzTarPerm extractEntry .idea/compiler.xml
55 silly gunzTarPerm extractEntry .idea/copyright/profiles_settings.xml
56 silly gunzTarPerm extractEntry .idea/encodings.xml
57 silly gunzTarPerm extractEntry .idea/misc.xml
58 silly gunzTarPerm extractEntry .idea/modules.xml
59 silly gunzTarPerm extractEntry .idea/scopes/scope_settings.xml
60 silly gunzTarPerm extractEntry .idea/uiDesigner.xml
61 silly gunzTarPerm extractEntry .idea/vcs.xml
62 silly gunzTarPerm extractEntry .idea/workspace.xml
63 silly gunzTarPerm extractEntry CONTRIBUTING.md
64 silly gunzTarPerm extractEntry js2coffee.iml
65 silly gunzTarPerm extractEntry latest-narcissus.coffee
66 silly gunzTarPerm extractEntry out/bin/js2coffee
67 silly gunzTarPerm extractEntry out/bin/js2coffee-debug
68 silly gunzTarPerm extractEntry out/lib/browser.js
69 silly gunzTarPerm extractEntry out/lib/coffee-script.js
70 silly gunzTarPerm extractEntry out/lib/command.js
71 silly gunzTarPerm extractEntry out/lib/helpers.js
72 silly gunzTarPerm extractEntry out/lib/js2coffee.js
73 silly gunzTarPerm extractEntry out/lib/narcissus_packed.js
74 silly gunzTarPerm extractEntry out/lib/node_ext.js
75 silly gunzTarPerm extractEntry HISTORY.md
76 silly gunzTarPerm extractEntry test.coffee
77 silly gunzTarPerm extractEntry LICENSE.md
78 silly gunzTarPerm extractEntry test.json
79 silly gunzTarPerm extractEntry test0r.coffee
80 silly gunzTarPerm extractEntry diff.coffee
81 silly gunzTarPerm extractEntry test2.coffee
82 silly gunzTarPerm extractEntry testing/horriblejs1.js
83 silly gunzTarPerm extractEntry testing/horriblejs2.js
84 silly gunzTarPerm extractEntry testout.coffee
85 silly lockFile 93bc866e-27959-0-7005102313123643-package tar:///Users/jonniespratley/tmp/npm-33293-KYu5BKO0/1395278427959-0.7005102313123643/package
86 silly lockFile 93bc866e-27959-0-7005102313123643-package tar:///Users/jonniespratley/tmp/npm-33293-KYu5BKO0/1395278427959-0.7005102313123643/package
87 silly lockFile 8affb0a8-27959-0-7005102313123643-tmp-tgz tar:///Users/jonniespratley/tmp/npm-33293-KYu5BKO0/1395278427959-0.7005102313123643/tmp.tgz
88 silly lockFile 8affb0a8-27959-0-7005102313123643-tmp-tgz tar:///Users/jonniespratley/tmp/npm-33293-KYu5BKO0/1395278427959-0.7005102313123643/tmp.tgz
89 verbose tar pack [ '/Users/jonniespratley/.npm/js2coffee/0.2.7/package.tgz',
89 verbose tar pack   '/Users/jonniespratley/tmp/npm-33293-KYu5BKO0/1395278427959-0.7005102313123643/package' ]
90 verbose tarball /Users/jonniespratley/.npm/js2coffee/0.2.7/package.tgz
91 verbose folder /Users/jonniespratley/tmp/npm-33293-KYu5BKO0/1395278427959-0.7005102313123643/package
92 silly lockFile 93bc866e-27959-0-7005102313123643-package tar:///Users/jonniespratley/tmp/npm-33293-KYu5BKO0/1395278427959-0.7005102313123643/package
93 verbose lock tar:///Users/jonniespratley/tmp/npm-33293-KYu5BKO0/1395278427959-0.7005102313123643/package /Users/jonniespratley/.npm/93bc866e-27959-0-7005102313123643-package.lock
94 silly lockFile ade28ad9--npm-js2coffee-0-2-7-package-tgz tar:///Users/jonniespratley/.npm/js2coffee/0.2.7/package.tgz
95 verbose lock tar:///Users/jonniespratley/.npm/js2coffee/0.2.7/package.tgz /Users/jonniespratley/.npm/ade28ad9--npm-js2coffee-0-2-7-package-tgz.lock
96 silly lockFile 93bc866e-27959-0-7005102313123643-package tar:///Users/jonniespratley/tmp/npm-33293-KYu5BKO0/1395278427959-0.7005102313123643/package
97 silly lockFile 93bc866e-27959-0-7005102313123643-package tar:///Users/jonniespratley/tmp/npm-33293-KYu5BKO0/1395278427959-0.7005102313123643/package
98 silly lockFile ade28ad9--npm-js2coffee-0-2-7-package-tgz tar:///Users/jonniespratley/.npm/js2coffee/0.2.7/package.tgz
99 silly lockFile ade28ad9--npm-js2coffee-0-2-7-package-tgz tar:///Users/jonniespratley/.npm/js2coffee/0.2.7/package.tgz
100 silly lockFile f56e44a7-tley-npm-js2coffee-0-2-7-package /Users/jonniespratley/.npm/js2coffee/0.2.7/package
101 verbose lock /Users/jonniespratley/.npm/js2coffee/0.2.7/package /Users/jonniespratley/.npm/f56e44a7-tley-npm-js2coffee-0-2-7-package.lock
102 silly lockFile f56e44a7-tley-npm-js2coffee-0-2-7-package /Users/jonniespratley/.npm/js2coffee/0.2.7/package
103 silly lockFile f56e44a7-tley-npm-js2coffee-0-2-7-package /Users/jonniespratley/.npm/js2coffee/0.2.7/package
104 verbose tar unpack /Users/jonniespratley/.npm/js2coffee/0.2.7/package.tgz
105 silly lockFile 38f36a1d-tley-npm-js2coffee-0-2-7-package tar:///Users/jonniespratley/.npm/js2coffee/0.2.7/package
106 verbose lock tar:///Users/jonniespratley/.npm/js2coffee/0.2.7/package /Users/jonniespratley/.npm/38f36a1d-tley-npm-js2coffee-0-2-7-package.lock
107 silly lockFile ade28ad9--npm-js2coffee-0-2-7-package-tgz tar:///Users/jonniespratley/.npm/js2coffee/0.2.7/package.tgz
108 verbose lock tar:///Users/jonniespratley/.npm/js2coffee/0.2.7/package.tgz /Users/jonniespratley/.npm/ade28ad9--npm-js2coffee-0-2-7-package-tgz.lock
109 silly gunzTarPerm modes [ '755', '644' ]
110 silly gunzTarPerm extractEntry package.json
111 silly gunzTarPerm extractEntry .npmignore
112 silly gunzTarPerm extractEntry README.md
113 silly gunzTarPerm extractEntry test0r.js
114 silly gunzTarPerm extractEntry browser.js
115 silly gunzTarPerm extractEntry bundle.js
116 silly gunzTarPerm extractEntry horible.js
117 silly gunzTarPerm extractEntry .js
118 silly gunzTarPerm extractEntry test.js
119 silly gunzTarPerm extractEntry cyclic.js
120 silly gunzTarPerm extractEntry js2coffee-buglist.txt
121 silly gunzTarPerm extractEntry .idea/.name
122 silly gunzTarPerm extractEntry .idea/compiler.xml
123 silly gunzTarPerm extractEntry .idea/copyright/profiles_settings.xml
124 silly gunzTarPerm extractEntry .idea/encodings.xml
125 silly gunzTarPerm extractEntry .idea/misc.xml
126 silly gunzTarPerm extractEntry .idea/modules.xml
127 silly gunzTarPerm extractEntry .idea/scopes/scope_settings.xml
128 silly gunzTarPerm extractEntry .idea/uiDesigner.xml
129 silly gunzTarPerm extractEntry .idea/vcs.xml
130 silly gunzTarPerm extractEntry .idea/workspace.xml
131 silly gunzTarPerm extractEntry CONTRIBUTING.md
132 silly gunzTarPerm extractEntry js2coffee.iml
133 silly gunzTarPerm extractEntry latest-narcissus.coffee
134 silly gunzTarPerm extractEntry out/bin/js2coffee
135 silly gunzTarPerm extractEntry out/bin/js2coffee-debug
136 silly gunzTarPerm extractEntry out/lib/browser.js
137 silly gunzTarPerm extractEntry out/lib/coffee-script.js
138 silly gunzTarPerm extractEntry out/lib/command.js
139 silly gunzTarPerm extractEntry out/lib/helpers.js
140 silly gunzTarPerm extractEntry out/lib/js2coffee.js
141 silly gunzTarPerm extractEntry out/lib/narcissus_packed.js
142 silly gunzTarPerm extractEntry out/lib/node_ext.js
143 silly gunzTarPerm extractEntry HISTORY.md
144 silly gunzTarPerm extractEntry test.coffee
145 silly gunzTarPerm extractEntry LICENSE.md
146 silly gunzTarPerm extractEntry test.json
147 silly gunzTarPerm extractEntry test0r.coffee
148 silly gunzTarPerm extractEntry diff.coffee
149 silly gunzTarPerm extractEntry test2.coffee
150 silly gunzTarPerm extractEntry testing/horriblejs1.js
151 silly gunzTarPerm extractEntry testing/horriblejs2.js
152 silly gunzTarPerm extractEntry testout.coffee
153 silly lockFile 38f36a1d-tley-npm-js2coffee-0-2-7-package tar:///Users/jonniespratley/.npm/js2coffee/0.2.7/package
154 silly lockFile 38f36a1d-tley-npm-js2coffee-0-2-7-package tar:///Users/jonniespratley/.npm/js2coffee/0.2.7/package
155 silly lockFile ade28ad9--npm-js2coffee-0-2-7-package-tgz tar:///Users/jonniespratley/.npm/js2coffee/0.2.7/package.tgz
156 silly lockFile ade28ad9--npm-js2coffee-0-2-7-package-tgz tar:///Users/jonniespratley/.npm/js2coffee/0.2.7/package.tgz
157 verbose chmod /Users/jonniespratley/.npm/js2coffee/0.2.7/package.tgz 644
158 verbose chown /Users/jonniespratley/.npm/js2coffee/0.2.7/package.tgz [ 501, 20 ]
159 silly lockFile 2f68b5bf-rg-js2coffee-js2coffee-0-2-7-tgz https://registry.npmjs.org/js2coffee/-/js2coffee-0.2.7.tgz
160 silly lockFile 2f68b5bf-rg-js2coffee-js2coffee-0-2-7-tgz https://registry.npmjs.org/js2coffee/-/js2coffee-0.2.7.tgz
161 silly lockFile d35459d3-js2coffee-0-2-7 js2coffee@0.2.7
162 silly lockFile d35459d3-js2coffee-0-2-7 js2coffee@0.2.7
163 silly lockFile 5eedc53f-js2coffee js2coffee@
164 silly lockFile 5eedc53f-js2coffee js2coffee@
165 silly resolved [ { name: 'js2coffee',
165 silly resolved     version: '0.2.7',
165 silly resolved     description: 'JavaScript to CoffeeScript compiler',
165 silly resolved     homepage: 'http://ricostacruz.com/js2coffee',
165 silly resolved     keywords: [ 'javascript', 'coffeescript', 'language', 'compiler' ],
165 silly resolved     author:
165 silly resolved      { name: 'Rico Sta. Cruz',
165 silly resolved        email: 'hi@ricostacruz.com',
165 silly resolved        url: 'http://ricostacruz.com' },
165 silly resolved     maintainers: [ [Object], [Object] ],
165 silly resolved     contributors: [ [Object], [Object], [Object] ],
165 silly resolved     bugs: { url: 'https://github.com/rstacruz/js2coffee/issues' },
165 silly resolved     repository:
165 silly resolved      { type: 'git',
165 silly resolved        url: 'https://github.com/rstacruz/js2coffee.git' },
165 silly resolved     engines: { node: '>=0.4.0' },
165 silly resolved     dependencies:
165 silly resolved      { underscore: '~1.5.1',
165 silly resolved        'coffee-script': '~1.6.2',
165 silly resolved        file: '~0.2.1',
165 silly resolved        nopt: '~2.1.1' },
165 silly resolved     devDependencies:
165 silly resolved      { glob: '~3.2.1',
165 silly resolved        docpad: '~6.63.3',
165 silly resolved        'docpad-plugin-eco': '~2.0.3',
165 silly resolved        'docpad-plugin-coffeescript': '~2.2.3',
165 silly resolved        'docpad-plugin-uglify': '~2.4.0',
165 silly resolved        joe: '~1.3.0',
165 silly resolved        'joe-reporter-console': '~1.2.1',
165 silly resolved        ansidiff: '~1.0.0',
165 silly resolved        browserify: '~3.18.0',
165 silly resolved        'uglify-js': '2.4.8' },
165 silly resolved     directories: { lib: './out/lib' },
165 silly resolved     bin: { js2coffee: './out/bin/js2coffee' },
165 silly resolved     scripts:
165 silly resolved      { preinstall: 'npm run-script ./cyclic.js',
165 silly resolved        watch: './node_modules/.bin/cake watch',
165 silly resolved        compile: './node_modules/.bin/cake compile',
165 silly resolved        test: './node_modules/.bin/cake test' },
165 silly resolved     main: './out/lib/js2coffee',
165 silly resolved     readme: '# Js2Coffee\n\n[![Check this project\'s build status on TravisCI](https://secure.travis-ci.org/rstacruz/js2coffee.png?branch=master)](http://travis-ci.org/rstacruz/js2coffee)\n[![View this project\'s NPM page](https://badge.fury.io/js/js2coffee.png)](https://npmjs.org/package/js2coffee)\n\nA JavaScript to [CoffeeScript](http://coffeescript.org/) compiler\n\n\n## Install\n\n``` bash\nnpm install -g js2coffee\n```\n\n## CLI Usage\n\n``` bash\njs2coffee input_file.js\njs2coffee input_file.js > output.coffee\ncat input.js | js2coffee\n```\n\nYou can pass some options:\n\n``` bash\n--version           # Show js2coffee version\n--verbose           # Be verbose\n--no_comments       # Do not translate comments\n--show_src_lineno   # Show src lineno\'s as comments\n--single_quotes     # Use single quoted string literals - default double quoted\n--help              # If you need help\n--indent            # Specify the indent character(s) - default 2 spaces\n```\n## API Usage\n\n### build(content, option) ###\n- **content** String - javascript source code\n- **option** Object - option object\n  - **no_comments** Boolean - ignore comments, if true\n  - **show_src_lineno** Boolean - show source line numbers in each line as comment, if true\n  - **indent** String - specify indent\n  - **single_quotes** Boolean - use single quoted string literals instead of double quoted\n\n``` javascript\njs2coffee = require(\'js2coffee\');\ncoffeeContent = js2coffee.build(jstContent, {show_src_lineno: true, indent: "    "});\n```\n\n## Known issues\nJs2coffee has some kown issues\n\n- switch statements have always implict returns at the end of a function - [#250](https://github.com/rstacruz/js2coffee/pull/250)\n- some switch statements fail - [switch](https://github.com/rstacruz/js2coffee/issues?direction=desc&labels=switch-case&page=1&sort=updated&state=open)\n- CoffeeScript keywords become converted with an trailing underscore - [keywords](https://github.com/rstacruz/js2coffee/issues?direction=desc&labels=keywords&page=1&sort=updated&state=open)\n- Narcissus fails to parse JavaScript keywords as object properties - [narcissus](https://github.com/rstacruz/js2coffee/issues?direction=desc&labels=narcissus&page=1&sort=updated&state=open)\n- some IIFE syntaxes fail - [#190](https://github.com/rstacruz/js2coffee/issues/190) \n- Empty function declrations within if statements fail - [#162](https://github.com/rstacruz/js2coffee/issues/162)\n\n## Try out in the browser\n[js2coffee.org](http://js2coffee.org)  \nYou can swtich the mode (JS -> Coffee and Coffee -> JS) at the top in the center.\n\n## Contribute\n[Discover how you can contribute by heading on over to the `CONTRIBUTING.md` file](https://github.com/rstacruz/js2coffee/blob/master/CONTRIBUTING.md#files)\n\n## History\n[You can discover the history inside the `HISTORY.md` file](https://github.com/rstacruz/js2coffee/blob/master/HISTORY.md#files)\n\n\n## License\nLicensed under the incredibly [permissive](http://en.wikipedia.org/wiki/Permissive_free_software_licence) [MIT License](http://creativecommons.org/licenses/MIT/)\n<br/>Copyright © 2011+ [Rico Sta. Cruz](http://ricostacruz.com) <hi@ricostacruz.com>\n\n\n## Thanks\n\nMade possible thanks to the hard work of Js2coffee\'s dependency projects:\n\n- [Narcissus](https://github.com/mozilla/narcissus), Mozilla\'s JavaScript engine\n- [Node Narcissus](https://github.com/kuno/node-narcissus), the Node port of Narcissus\n- [Underscore.js](http://documentcloud.github.com/underscore)\n\nAnd of course:\n\n- Jeremy Ashkenas\'s [CoffeeScript](http://jashkenas.github.com/coffee-script/)\n',
165 silly resolved     readmeFilename: 'README.md',
165 silly resolved     _id: 'js2coffee@0.2.7',
165 silly resolved     dist: { shasum: '8a5d15f8d4168155d0f9c7dc5e33a8d4203d34bc' },
165 silly resolved     _from: 'js2coffee@',
165 silly resolved     _resolved: 'https://registry.npmjs.org/js2coffee/-/js2coffee-0.2.7.tgz' } ]
166 info install js2coffee@0.2.7 into /usr/local/lib
167 info installOne js2coffee@0.2.7
168 info /usr/local/lib/node_modules/js2coffee unbuild
169 verbose tar unpack /Users/jonniespratley/.npm/js2coffee/0.2.7/package.tgz
170 silly lockFile 67b848bf-local-lib-node-modules-js2coffee tar:///usr/local/lib/node_modules/js2coffee
171 verbose lock tar:///usr/local/lib/node_modules/js2coffee /Users/jonniespratley/.npm/67b848bf-local-lib-node-modules-js2coffee.lock
172 silly lockFile ade28ad9--npm-js2coffee-0-2-7-package-tgz tar:///Users/jonniespratley/.npm/js2coffee/0.2.7/package.tgz
173 verbose lock tar:///Users/jonniespratley/.npm/js2coffee/0.2.7/package.tgz /Users/jonniespratley/.npm/ade28ad9--npm-js2coffee-0-2-7-package-tgz.lock
174 silly gunzTarPerm modes [ '755', '644' ]
175 silly gunzTarPerm extractEntry package.json
176 silly gunzTarPerm extractEntry .npmignore
177 silly gunzTarPerm extractEntry README.md
178 silly gunzTarPerm extractEntry test0r.js
179 silly gunzTarPerm extractEntry browser.js
180 silly gunzTarPerm extractEntry bundle.js
181 silly gunzTarPerm extractEntry horible.js
182 silly gunzTarPerm extractEntry .js
183 silly gunzTarPerm extractEntry test.js
184 silly gunzTarPerm extractEntry cyclic.js
185 silly gunzTarPerm extractEntry js2coffee-buglist.txt
186 silly gunzTarPerm extractEntry .idea/.name
187 silly gunzTarPerm extractEntry .idea/compiler.xml
188 silly gunzTarPerm extractEntry .idea/copyright/profiles_settings.xml
189 silly gunzTarPerm extractEntry .idea/encodings.xml
190 silly gunzTarPerm extractEntry .idea/misc.xml
191 silly gunzTarPerm extractEntry .idea/modules.xml
192 silly gunzTarPerm extractEntry .idea/scopes/scope_settings.xml
193 silly gunzTarPerm extractEntry .idea/uiDesigner.xml
194 silly gunzTarPerm extractEntry .idea/vcs.xml
195 silly gunzTarPerm extractEntry .idea/workspace.xml
196 silly gunzTarPerm extractEntry CONTRIBUTING.md
197 silly gunzTarPerm extractEntry js2coffee.iml
198 silly gunzTarPerm extractEntry latest-narcissus.coffee
199 silly gunzTarPerm extractEntry out/bin/js2coffee
200 silly gunzTarPerm extractEntry out/bin/js2coffee-debug
201 silly gunzTarPerm extractEntry out/lib/browser.js
202 silly gunzTarPerm extractEntry out/lib/coffee-script.js
203 silly gunzTarPerm extractEntry out/lib/command.js
204 silly gunzTarPerm extractEntry out/lib/helpers.js
205 silly gunzTarPerm extractEntry out/lib/js2coffee.js
206 silly gunzTarPerm extractEntry out/lib/narcissus_packed.js
207 silly gunzTarPerm extractEntry out/lib/node_ext.js
208 silly gunzTarPerm extractEntry HISTORY.md
209 silly gunzTarPerm extractEntry test.coffee
210 silly gunzTarPerm extractEntry LICENSE.md
211 silly gunzTarPerm extractEntry test.json
212 silly gunzTarPerm extractEntry test0r.coffee
213 silly gunzTarPerm extractEntry diff.coffee
214 silly gunzTarPerm extractEntry test2.coffee
215 silly gunzTarPerm extractEntry testing/horriblejs1.js
216 silly gunzTarPerm extractEntry testing/horriblejs2.js
217 silly gunzTarPerm extractEntry testout.coffee
218 silly lockFile 67b848bf-local-lib-node-modules-js2coffee tar:///usr/local/lib/node_modules/js2coffee
219 silly lockFile 67b848bf-local-lib-node-modules-js2coffee tar:///usr/local/lib/node_modules/js2coffee
220 silly lockFile ade28ad9--npm-js2coffee-0-2-7-package-tgz tar:///Users/jonniespratley/.npm/js2coffee/0.2.7/package.tgz
221 silly lockFile ade28ad9--npm-js2coffee-0-2-7-package-tgz tar:///Users/jonniespratley/.npm/js2coffee/0.2.7/package.tgz
222 info preinstall js2coffee@0.2.7
223 verbose unsafe-perm in lifecycle false
224 verbose readDependencies using package.json deps
225 verbose readDependencies using package.json deps
226 verbose cache add [ 'underscore@~1.5.1', null ]
227 verbose cache add name=undefined spec="underscore@~1.5.1" args=["underscore@~1.5.1",null]
228 verbose parsed url { protocol: null,
228 verbose parsed url   slashes: null,
228 verbose parsed url   auth: null,
228 verbose parsed url   host: null,
228 verbose parsed url   port: null,
228 verbose parsed url   hostname: null,
228 verbose parsed url   hash: null,
228 verbose parsed url   search: null,
228 verbose parsed url   query: null,
228 verbose parsed url   pathname: 'underscore@~1.5.1',
228 verbose parsed url   path: 'underscore@~1.5.1',
228 verbose parsed url   href: 'underscore@~1.5.1' }
229 verbose cache add name="underscore" spec="~1.5.1" args=["underscore","~1.5.1"]
230 verbose parsed url { protocol: null,
230 verbose parsed url   slashes: null,
230 verbose parsed url   auth: null,
230 verbose parsed url   host: null,
230 verbose parsed url   port: null,
230 verbose parsed url   hostname: null,
230 verbose parsed url   hash: null,
230 verbose parsed url   search: null,
230 verbose parsed url   query: null,
230 verbose parsed url   pathname: '~1.5.1',
230 verbose parsed url   path: '~1.5.1',
230 verbose parsed url   href: '~1.5.1' }
231 verbose addNamed [ 'underscore', '~1.5.1' ]
232 verbose addNamed [ null, '>=1.5.1-0 <1.6.0-0' ]
233 silly lockFile d90b1381-underscore-1-5-1 underscore@~1.5.1
234 verbose lock underscore@~1.5.1 /Users/jonniespratley/.npm/d90b1381-underscore-1-5-1.lock
235 verbose cache add [ 'coffee-script@~1.6.2', null ]
236 verbose cache add name=undefined spec="coffee-script@~1.6.2" args=["coffee-script@~1.6.2",null]
237 verbose parsed url { protocol: null,
237 verbose parsed url   slashes: null,
237 verbose parsed url   auth: null,
237 verbose parsed url   host: null,
237 verbose parsed url   port: null,
237 verbose parsed url   hostname: null,
237 verbose parsed url   hash: null,
237 verbose parsed url   search: null,
237 verbose parsed url   query: null,
237 verbose parsed url   pathname: 'coffee-script@~1.6.2',
237 verbose parsed url   path: 'coffee-script@~1.6.2',
237 verbose parsed url   href: 'coffee-script@~1.6.2' }
238 verbose cache add name="coffee-script" spec="~1.6.2" args=["coffee-script","~1.6.2"]
239 verbose parsed url { protocol: null,
239 verbose parsed url   slashes: null,
239 verbose parsed url   auth: null,
239 verbose parsed url   host: null,
239 verbose parsed url   port: null,
239 verbose parsed url   hostname: null,
239 verbose parsed url   hash: null,
239 verbose parsed url   search: null,
239 verbose parsed url   query: null,
239 verbose parsed url   pathname: '~1.6.2',
239 verbose parsed url   path: '~1.6.2',
239 verbose parsed url   href: '~1.6.2' }
240 verbose addNamed [ 'coffee-script', '~1.6.2' ]
241 verbose addNamed [ null, '>=1.6.2-0 <1.7.0-0' ]
242 silly lockFile 93470bfc-coffee-script-1-6-2 coffee-script@~1.6.2
243 verbose lock coffee-script@~1.6.2 /Users/jonniespratley/.npm/93470bfc-coffee-script-1-6-2.lock
244 verbose cache add [ 'file@~0.2.1', null ]
245 verbose cache add name=undefined spec="file@~0.2.1" args=["file@~0.2.1",null]
246 verbose parsed url { protocol: null,
246 verbose parsed url   slashes: null,
246 verbose parsed url   auth: null,
246 verbose parsed url   host: null,
246 verbose parsed url   port: null,
246 verbose parsed url   hostname: null,
246 verbose parsed url   hash: null,
246 verbose parsed url   search: null,
246 verbose parsed url   query: null,
246 verbose parsed url   pathname: 'file@~0.2.1',
246 verbose parsed url   path: 'file@~0.2.1',
246 verbose parsed url   href: 'file@~0.2.1' }
247 verbose cache add name="file" spec="~0.2.1" args=["file","~0.2.1"]
248 verbose parsed url { protocol: null,
248 verbose parsed url   slashes: null,
248 verbose parsed url   auth: null,
248 verbose parsed url   host: null,
248 verbose parsed url   port: null,
248 verbose parsed url   hostname: null,
248 verbose parsed url   hash: null,
248 verbose parsed url   search: null,
248 verbose parsed url   query: null,
248 verbose parsed url   pathname: '~0.2.1',
248 verbose parsed url   path: '~0.2.1',
248 verbose parsed url   href: '~0.2.1' }
249 verbose addNamed [ 'file', '~0.2.1' ]
250 verbose addNamed [ null, '>=0.2.1-0 <0.3.0-0' ]
251 silly lockFile edb01114-file-0-2-1 file@~0.2.1
252 verbose lock file@~0.2.1 /Users/jonniespratley/.npm/edb01114-file-0-2-1.lock
253 verbose cache add [ 'nopt@~2.1.1', null ]
254 verbose cache add name=undefined spec="nopt@~2.1.1" args=["nopt@~2.1.1",null]
255 verbose parsed url { protocol: null,
255 verbose parsed url   slashes: null,
255 verbose parsed url   auth: null,
255 verbose parsed url   host: null,
255 verbose parsed url   port: null,
255 verbose parsed url   hostname: null,
255 verbose parsed url   hash: null,
255 verbose parsed url   search: null,
255 verbose parsed url   query: null,
255 verbose parsed url   pathname: 'nopt@~2.1.1',
255 verbose parsed url   path: 'nopt@~2.1.1',
255 verbose parsed url   href: 'nopt@~2.1.1' }
256 verbose cache add name="nopt" spec="~2.1.1" args=["nopt","~2.1.1"]
257 verbose parsed url { protocol: null,
257 verbose parsed url   slashes: null,
257 verbose parsed url   auth: null,
257 verbose parsed url   host: null,
257 verbose parsed url   port: null,
257 verbose parsed url   hostname: null,
257 verbose parsed url   hash: null,
257 verbose parsed url   search: null,
257 verbose parsed url   query: null,
257 verbose parsed url   pathname: '~2.1.1',
257 verbose parsed url   path: '~2.1.1',
257 verbose parsed url   href: '~2.1.1' }
258 verbose addNamed [ 'nopt', '~2.1.1' ]
259 verbose addNamed [ null, '>=2.1.1-0 <2.2.0-0' ]
260 silly lockFile 527d9343-nopt-2-1-1 nopt@~2.1.1
261 verbose lock nopt@~2.1.1 /Users/jonniespratley/.npm/527d9343-nopt-2-1-1.lock
262 silly addNameRange { name: 'underscore',
262 silly addNameRange   range: '>=1.5.1-0 <1.6.0-0',
262 silly addNameRange   hasData: false }
263 silly addNameRange { name: 'coffee-script',
263 silly addNameRange   range: '>=1.6.2-0 <1.7.0-0',
263 silly addNameRange   hasData: false }
264 silly addNameRange { name: 'file', range: '>=0.2.1-0 <0.3.0-0', hasData: false }
265 silly addNameRange { name: 'nopt', range: '>=2.1.1-0 <2.2.0-0', hasData: false }
266 verbose url raw underscore
267 verbose url resolving [ 'https://registry.npmjs.org/', './underscore' ]
268 verbose url resolved https://registry.npmjs.org/underscore
269 info trying registry request attempt 1 at 18:20:29
270 verbose etag "14XVZT564MVE7E58V1C02I938"
271 http GET https://registry.npmjs.org/underscore
272 verbose url raw coffee-script
273 verbose url resolving [ 'https://registry.npmjs.org/', './coffee-script' ]
274 verbose url resolved https://registry.npmjs.org/coffee-script
275 info trying registry request attempt 1 at 18:20:29
276 verbose etag "AHK7C43NH2RQOG8CFMRRSHPZH"
277 http GET https://registry.npmjs.org/coffee-script
278 verbose url raw file
279 verbose url resolving [ 'https://registry.npmjs.org/', './file' ]
280 verbose url resolved https://registry.npmjs.org/file
281 info trying registry request attempt 1 at 18:20:29
282 verbose etag "28QRNHVMDXHA93KALEO0KVHHA"
283 http GET https://registry.npmjs.org/file
284 verbose url raw nopt
285 verbose url resolving [ 'https://registry.npmjs.org/', './nopt' ]
286 verbose url resolved https://registry.npmjs.org/nopt
287 info trying registry request attempt 1 at 18:20:29
288 verbose etag "B7MCX69TM74YYNTA1GIB7U5BY"
289 http GET https://registry.npmjs.org/nopt
290 http 304 https://registry.npmjs.org/underscore
291 silly registry.get cb [ 304,
291 silly registry.get   { date: 'Thu, 20 Mar 2014 01:20:29 GMT',
291 silly registry.get     server: 'Apache',
291 silly registry.get     via: '1.1 varnish',
291 silly registry.get     'last-modified': 'Thu, 20 Mar 2014 01:20:22 GMT',
291 silly registry.get     'cache-control': 'max-age=1',
291 silly registry.get     etag: '"14XVZT564MVE7E58V1C02I938"',
291 silly registry.get     'x-served-by': 'cache-lax1427-LAX',
291 silly registry.get     'x-cache': 'HIT',
291 silly registry.get     'x-cache-hits': '2',
291 silly registry.get     'x-timer': 'S1395278429.936304331,VS0,VE0',
291 silly registry.get     vary: 'Accept',
291 silly registry.get     'content-length': '0',
291 silly registry.get     'keep-alive': 'timeout=10, max=50',
291 silly registry.get     connection: 'Keep-Alive' } ]
292 verbose etag underscore from cache
293 silly addNameRange number 2 { name: 'underscore',
293 silly addNameRange   range: '>=1.5.1-0 <1.6.0-0',
293 silly addNameRange   hasData: true }
294 silly addNameRange versions [ 'underscore',
294 silly addNameRange   [ '1.0.3',
294 silly addNameRange     '1.0.4',
294 silly addNameRange     '1.1.0',
294 silly addNameRange     '1.1.1',
294 silly addNameRange     '1.1.2',
294 silly addNameRange     '1.1.3',
294 silly addNameRange     '1.1.4',
294 silly addNameRange     '1.1.5',
294 silly addNameRange     '1.1.6',
294 silly addNameRange     '1.1.7',
294 silly addNameRange     '1.2.0',
294 silly addNameRange     '1.2.1',
294 silly addNameRange     '1.2.2',
294 silly addNameRange     '1.2.3',
294 silly addNameRange     '1.2.4',
294 silly addNameRange     '1.3.0',
294 silly addNameRange     '1.3.1',
294 silly addNameRange     '1.3.2',
294 silly addNameRange     '1.3.3',
294 silly addNameRange     '1.4.0',
294 silly addNameRange     '1.4.1',
294 silly addNameRange     '1.4.2',
294 silly addNameRange     '1.4.3',
294 silly addNameRange     '1.4.4',
294 silly addNameRange     '1.5.0',
294 silly addNameRange     '1.5.1',
294 silly addNameRange     '1.5.2',
294 silly addNameRange     '1.6.0' ] ]
295 verbose addNamed [ 'underscore', '1.5.2' ]
296 verbose addNamed [ '1.5.2', '1.5.2' ]
297 silly lockFile 669f6cbc-underscore-1-5-2 underscore@1.5.2
298 verbose lock underscore@1.5.2 /Users/jonniespratley/.npm/669f6cbc-underscore-1-5-2.lock
299 silly lockFile 669f6cbc-underscore-1-5-2 underscore@1.5.2
300 silly lockFile 669f6cbc-underscore-1-5-2 underscore@1.5.2
301 silly lockFile d90b1381-underscore-1-5-1 underscore@~1.5.1
302 silly lockFile d90b1381-underscore-1-5-1 underscore@~1.5.1
303 http 304 https://registry.npmjs.org/coffee-script
304 silly registry.get cb [ 304,
304 silly registry.get   { date: 'Thu, 20 Mar 2014 01:20:29 GMT',
304 silly registry.get     server: 'Apache',
304 silly registry.get     via: '1.1 varnish',
304 silly registry.get     'last-modified': 'Thu, 20 Mar 2014 01:20:30 GMT',
304 silly registry.get     'cache-control': 'max-age=1',
304 silly registry.get     etag: '"AHK7C43NH2RQOG8CFMRRSHPZH"',
304 silly registry.get     'x-served-by': 'cache-lax1424-LAX',
304 silly registry.get     'x-cache': 'HIT',
304 silly registry.get     'x-cache-hits': '1',
304 silly registry.get     'x-timer': 'S1395278429.942751408,VS0,VE65',
304 silly registry.get     vary: 'Accept',
304 silly registry.get     'content-length': '0',
304 silly registry.get     'keep-alive': 'timeout=10, max=50',
304 silly registry.get     connection: 'Keep-Alive' } ]
305 verbose etag coffee-script from cache
306 http 304 https://registry.npmjs.org/nopt
307 silly registry.get cb [ 304,
307 silly registry.get   { date: 'Thu, 20 Mar 2014 01:20:29 GMT',
307 silly registry.get     server: 'Apache',
307 silly registry.get     via: '1.1 varnish',
307 silly registry.get     'last-modified': 'Thu, 20 Mar 2014 01:20:30 GMT',
307 silly registry.get     'cache-control': 'max-age=1',
307 silly registry.get     etag: '"B7MCX69TM74YYNTA1GIB7U5BY"',
307 silly registry.get     'x-served-by': 'cache-lax1429-LAX',
307 silly registry.get     'x-cache': 'HIT',
307 silly registry.get     'x-cache-hits': '1',
307 silly registry.get     'x-timer': 'S1395278429.950078487,VS0,VE64',
307 silly registry.get     vary: 'Accept',
307 silly registry.get     'content-length': '0',
307 silly registry.get     'keep-alive': 'timeout=10, max=50',
307 silly registry.get     connection: 'Keep-Alive' } ]
308 verbose etag nopt from cache
309 silly addNameRange number 2 { name: 'coffee-script',
309 silly addNameRange   range: '>=1.6.2-0 <1.7.0-0',
309 silly addNameRange   hasData: true }
310 silly addNameRange versions [ 'coffee-script',
310 silly addNameRange   [ '0.7.0',
310 silly addNameRange     '0.7.1',
310 silly addNameRange     '0.7.2',
310 silly addNameRange     '0.9.0',
310 silly addNameRange     '0.9.1',
310 silly addNameRange     '0.9.2',
310 silly addNameRange     '0.9.3',
310 silly addNameRange     '0.9.4',
310 silly addNameRange     '0.9.5',
310 silly addNameRange     '0.9.6',
310 silly addNameRange     '1.0.0',
310 silly addNameRange     '1.0.1',
310 silly addNameRange     '1.1.0',
310 silly addNameRange     '1.1.1',
310 silly addNameRange     '1.1.2',
310 silly addNameRange     '1.1.3',
310 silly addNameRange     '1.2.0',
310 silly addNameRange     '1.3.0',
310 silly addNameRange     '1.3.1',
310 silly addNameRange     '1.3.2',
310 silly addNameRange     '1.3.3',
310 silly addNameRange     '1.4.0',
310 silly addNameRange     '1.5.0',
310 silly addNameRange     '1.6.0',
310 silly addNameRange     '1.6.1',
310 silly addNameRange     '1.6.2',
310 silly addNameRange     '1.6.3',
310 silly addNameRange     '1.7.0',
310 silly addNameRange     '1.7.1' ] ]
311 verbose addNamed [ 'coffee-script', '1.6.3' ]
312 verbose addNamed [ '1.6.3', '1.6.3' ]
313 silly lockFile 15ab88ca-coffee-script-1-6-3 coffee-script@1.6.3
314 verbose lock coffee-script@1.6.3 /Users/jonniespratley/.npm/15ab88ca-coffee-script-1-6-3.lock
315 silly addNameRange number 2 { name: 'nopt', range: '>=2.1.1-0 <2.2.0-0', hasData: true }
316 silly addNameRange versions [ 'nopt',
316 silly addNameRange   [ '1.0.0',
316 silly addNameRange     '1.0.1',
316 silly addNameRange     '1.0.2',
316 silly addNameRange     '1.0.3',
316 silly addNameRange     '1.0.4',
316 silly addNameRange     '1.0.5',
316 silly addNameRange     '1.0.6',
316 silly addNameRange     '1.0.7',
316 silly addNameRange     '1.0.8',
316 silly addNameRange     '1.0.9',
316 silly addNameRange     '1.0.10',
316 silly addNameRange     '2.0.0',
316 silly addNameRange     '2.1.0',
316 silly addNameRange     '2.1.1',
316 silly addNameRange     '2.1.2',
316 silly addNameRange     '2.2.0' ] ]
317 verbose addNamed [ 'nopt', '2.1.2' ]
318 verbose addNamed [ '2.1.2', '2.1.2' ]
319 silly lockFile 7d0298b9-nopt-2-1-2 nopt@2.1.2
320 verbose lock nopt@2.1.2 /Users/jonniespratley/.npm/7d0298b9-nopt-2-1-2.lock
321 silly lockFile 7d0298b9-nopt-2-1-2 nopt@2.1.2
322 silly lockFile 7d0298b9-nopt-2-1-2 nopt@2.1.2
323 silly lockFile 15ab88ca-coffee-script-1-6-3 coffee-script@1.6.3
324 silly lockFile 15ab88ca-coffee-script-1-6-3 coffee-script@1.6.3
325 silly lockFile 527d9343-nopt-2-1-1 nopt@~2.1.1
326 silly lockFile 527d9343-nopt-2-1-1 nopt@~2.1.1
327 silly lockFile 93470bfc-coffee-script-1-6-2 coffee-script@~1.6.2
328 silly lockFile 93470bfc-coffee-script-1-6-2 coffee-script@~1.6.2
329 http 200 https://registry.npmjs.org/file
330 silly registry.get cb [ 200,
330 silly registry.get   { date: 'Thu, 20 Mar 2014 01:20:30 GMT',
330 silly registry.get     server: 'CouchDB/1.5.0 (Erlang OTP/R14B04)',
330 silly registry.get     etag: '"1RIE93LPK522ABAZZNQF9ZI6V"',
330 silly registry.get     'content-type': 'application/json',
330 silly registry.get     via: '1.1 varnish',
330 silly registry.get     'cache-control': 'max-age=1',
330 silly registry.get     'content-length': '5497',
330 silly registry.get     'accept-ranges': 'bytes',
330 silly registry.get     age: '6155',
330 silly registry.get     'x-served-by': 'cache-v42-ASH, cache-lax1429-LAX',
330 silly registry.get     'x-cache': 'HIT, HIT',
330 silly registry.get     'x-cache-hits': '1, 1',
330 silly registry.get     'x-timer': 'S1395249284.832785845,VS0,VS-957,VE-851,VE29145287',
330 silly registry.get     vary: 'Accept',
330 silly registry.get     'keep-alive': 'timeout=10, max=50',
330 silly registry.get     connection: 'Keep-Alive' } ]
331 silly addNameRange number 2 { name: 'file', range: '>=0.2.1-0 <0.3.0-0', hasData: true }
332 silly addNameRange versions [ 'file', [ '0.1.1', '0.2.0', '0.2.1', '0.2.2' ] ]
333 verbose addNamed [ 'file', '0.2.2' ]
334 verbose addNamed [ '0.2.2', '0.2.2' ]
335 silly lockFile c2f05b58-file-0-2-2 file@0.2.2
336 verbose lock file@0.2.2 /Users/jonniespratley/.npm/c2f05b58-file-0-2-2.lock
337 silly lockFile 1b626011-ry-npmjs-org-file-file-0-2-2-tgz https://registry.npmjs.org/file/-/file-0.2.2.tgz
338 verbose lock https://registry.npmjs.org/file/-/file-0.2.2.tgz /Users/jonniespratley/.npm/1b626011-ry-npmjs-org-file-file-0-2-2-tgz.lock
339 verbose addRemoteTarball [ 'https://registry.npmjs.org/file/-/file-0.2.2.tgz',
339 verbose addRemoteTarball   'c3dfd8f8cf3535ae455c2b423c2e52635d76b4d3' ]
340 info retry fetch attempt 1 at 18:20:30
341 verbose fetch to= /Users/jonniespratley/tmp/npm-33293-KYu5BKO0/1395278430144-0.7233877750113606/tmp.tgz
342 http GET https://registry.npmjs.org/file/-/file-0.2.2.tgz
343 http 200 https://registry.npmjs.org/file/-/file-0.2.2.tgz
344 verbose tar unpack /Users/jonniespratley/tmp/npm-33293-KYu5BKO0/1395278430144-0.7233877750113606/tmp.tgz
345 silly lockFile 25848c58-30144-0-7233877750113606-package tar:///Users/jonniespratley/tmp/npm-33293-KYu5BKO0/1395278430144-0.7233877750113606/package
346 verbose lock tar:///Users/jonniespratley/tmp/npm-33293-KYu5BKO0/1395278430144-0.7233877750113606/package /Users/jonniespratley/.npm/25848c58-30144-0-7233877750113606-package.lock
347 silly lockFile d911756f-30144-0-7233877750113606-tmp-tgz tar:///Users/jonniespratley/tmp/npm-33293-KYu5BKO0/1395278430144-0.7233877750113606/tmp.tgz
348 verbose lock tar:///Users/jonniespratley/tmp/npm-33293-KYu5BKO0/1395278430144-0.7233877750113606/tmp.tgz /Users/jonniespratley/.npm/d911756f-30144-0-7233877750113606-tmp-tgz.lock
349 silly gunzTarPerm modes [ '755', '644' ]
350 silly gunzTarPerm extractEntry package.json
351 silly gunzTarPerm extractEntry .npmignore
352 silly gunzTarPerm extractEntry README.md
353 silly gunzTarPerm extractEntry LICENSE
354 silly gunzTarPerm extractEntry lib/file.js
355 silly gunzTarPerm extractEntry tests/file_spec.js
356 silly lockFile 25848c58-30144-0-7233877750113606-package tar:///Users/jonniespratley/tmp/npm-33293-KYu5BKO0/1395278430144-0.7233877750113606/package
357 silly lockFile 25848c58-30144-0-7233877750113606-package tar:///Users/jonniespratley/tmp/npm-33293-KYu5BKO0/1395278430144-0.7233877750113606/package
358 silly lockFile d911756f-30144-0-7233877750113606-tmp-tgz tar:///Users/jonniespratley/tmp/npm-33293-KYu5BKO0/1395278430144-0.7233877750113606/tmp.tgz
359 silly lockFile d911756f-30144-0-7233877750113606-tmp-tgz tar:///Users/jonniespratley/tmp/npm-33293-KYu5BKO0/1395278430144-0.7233877750113606/tmp.tgz
360 verbose tar pack [ '/Users/jonniespratley/.npm/file/0.2.2/package.tgz',
360 verbose tar pack   '/Users/jonniespratley/tmp/npm-33293-KYu5BKO0/1395278430144-0.7233877750113606/package' ]
361 verbose tarball /Users/jonniespratley/.npm/file/0.2.2/package.tgz
362 verbose folder /Users/jonniespratley/tmp/npm-33293-KYu5BKO0/1395278430144-0.7233877750113606/package
363 silly lockFile 25848c58-30144-0-7233877750113606-package tar:///Users/jonniespratley/tmp/npm-33293-KYu5BKO0/1395278430144-0.7233877750113606/package
364 verbose lock tar:///Users/jonniespratley/tmp/npm-33293-KYu5BKO0/1395278430144-0.7233877750113606/package /Users/jonniespratley/.npm/25848c58-30144-0-7233877750113606-package.lock
365 silly lockFile 8ab6d5f5-atley-npm-file-0-2-2-package-tgz tar:///Users/jonniespratley/.npm/file/0.2.2/package.tgz
366 verbose lock tar:///Users/jonniespratley/.npm/file/0.2.2/package.tgz /Users/jonniespratley/.npm/8ab6d5f5-atley-npm-file-0-2-2-package-tgz.lock
367 silly lockFile 25848c58-30144-0-7233877750113606-package tar:///Users/jonniespratley/tmp/npm-33293-KYu5BKO0/1395278430144-0.7233877750113606/package
368 silly lockFile 25848c58-30144-0-7233877750113606-package tar:///Users/jonniespratley/tmp/npm-33293-KYu5BKO0/1395278430144-0.7233877750113606/package
369 silly lockFile 8ab6d5f5-atley-npm-file-0-2-2-package-tgz tar:///Users/jonniespratley/.npm/file/0.2.2/package.tgz
370 silly lockFile 8ab6d5f5-atley-npm-file-0-2-2-package-tgz tar:///Users/jonniespratley/.npm/file/0.2.2/package.tgz
371 silly lockFile f7466e4c-espratley-npm-file-0-2-2-package /Users/jonniespratley/.npm/file/0.2.2/package
372 verbose lock /Users/jonniespratley/.npm/file/0.2.2/package /Users/jonniespratley/.npm/f7466e4c-espratley-npm-file-0-2-2-package.lock
373 silly lockFile f7466e4c-espratley-npm-file-0-2-2-package /Users/jonniespratley/.npm/file/0.2.2/package
374 silly lockFile f7466e4c-espratley-npm-file-0-2-2-package /Users/jonniespratley/.npm/file/0.2.2/package
375 verbose tar unpack /Users/jonniespratley/.npm/file/0.2.2/package.tgz
376 silly lockFile 20781af4-espratley-npm-file-0-2-2-package tar:///Users/jonniespratley/.npm/file/0.2.2/package
377 verbose lock tar:///Users/jonniespratley/.npm/file/0.2.2/package /Users/jonniespratley/.npm/20781af4-espratley-npm-file-0-2-2-package.lock
378 silly lockFile 8ab6d5f5-atley-npm-file-0-2-2-package-tgz tar:///Users/jonniespratley/.npm/file/0.2.2/package.tgz
379 verbose lock tar:///Users/jonniespratley/.npm/file/0.2.2/package.tgz /Users/jonniespratley/.npm/8ab6d5f5-atley-npm-file-0-2-2-package-tgz.lock
380 silly gunzTarPerm modes [ '755', '644' ]
381 silly gunzTarPerm extractEntry package.json
382 silly gunzTarPerm extractEntry .npmignore
383 silly gunzTarPerm extractEntry README.md
384 silly gunzTarPerm extractEntry LICENSE
385 silly gunzTarPerm extractEntry lib/file.js
386 silly gunzTarPerm extractEntry tests/file_spec.js
387 silly lockFile 20781af4-espratley-npm-file-0-2-2-package tar:///Users/jonniespratley/.npm/file/0.2.2/package
388 silly lockFile 20781af4-espratley-npm-file-0-2-2-package tar:///Users/jonniespratley/.npm/file/0.2.2/package
389 silly lockFile 8ab6d5f5-atley-npm-file-0-2-2-package-tgz tar:///Users/jonniespratley/.npm/file/0.2.2/package.tgz
390 silly lockFile 8ab6d5f5-atley-npm-file-0-2-2-package-tgz tar:///Users/jonniespratley/.npm/file/0.2.2/package.tgz
391 verbose chmod /Users/jonniespratley/.npm/file/0.2.2/package.tgz 644
392 verbose chown /Users/jonniespratley/.npm/file/0.2.2/package.tgz [ 501, 20 ]
393 silly lockFile 1b626011-ry-npmjs-org-file-file-0-2-2-tgz https://registry.npmjs.org/file/-/file-0.2.2.tgz
394 silly lockFile 1b626011-ry-npmjs-org-file-file-0-2-2-tgz https://registry.npmjs.org/file/-/file-0.2.2.tgz
395 silly lockFile c2f05b58-file-0-2-2 file@0.2.2
396 silly lockFile c2f05b58-file-0-2-2 file@0.2.2
397 silly lockFile edb01114-file-0-2-1 file@~0.2.1
398 silly lockFile edb01114-file-0-2-1 file@~0.2.1
399 silly resolved [ { name: 'underscore',
399 silly resolved     description: 'JavaScript\'s functional programming helper library.',
399 silly resolved     homepage: 'http://underscorejs.org',
399 silly resolved     keywords: [ 'util', 'functional', 'server', 'client', 'browser' ],
399 silly resolved     author: { name: 'Jeremy Ashkenas', email: 'jeremy@documentcloud.org' },
399 silly resolved     repository:
399 silly resolved      { type: 'git',
399 silly resolved        url: 'git://github.com/jashkenas/underscore.git' },
399 silly resolved     main: 'underscore.js',
399 silly resolved     version: '1.5.2',
399 silly resolved     devDependencies: { phantomjs: '1.9.0-1' },
399 silly resolved     scripts: { test: 'phantomjs test/vendor/runner.js test/index.html?noglobals=true' },
399 silly resolved     licenses: [ [Object] ],
399 silly resolved     files: [ 'underscore.js', 'underscore-min.js', 'LICENSE' ],
399 silly resolved     readme: '                       __\n                      /\\ \\                                                         __\n     __  __    ___    \\_\\ \\     __   _ __   ____    ___    ___   _ __    __       /\\_\\    ____\n    /\\ \\/\\ \\ /\' _ `\\  /\'_  \\  /\'__`\\/\\  __\\/ ,__\\  / ___\\ / __`\\/\\  __\\/\'__`\\     \\/\\ \\  /\',__\\\n    \\ \\ \\_\\ \\/\\ \\/\\ \\/\\ \\ \\ \\/\\  __/\\ \\ \\//\\__, `\\/\\ \\__//\\ \\ \\ \\ \\ \\//\\  __/  __  \\ \\ \\/\\__, `\\\n     \\ \\____/\\ \\_\\ \\_\\ \\___,_\\ \\____\\\\ \\_\\\\/\\____/\\ \\____\\ \\____/\\ \\_\\\\ \\____\\/\\_\\ _\\ \\ \\/\\____/\n      \\/___/  \\/_/\\/_/\\/__,_ /\\/____/ \\/_/ \\/___/  \\/____/\\/___/  \\/_/ \\/____/\\/_//\\ \\_\\ \\/___/\n                                                                                  \\ \\____/\n                                                                                   \\/___/\n\nUnderscore.js is a utility-belt library for JavaScript that provides\nsupport for the usual functional suspects (each, map, reduce, filter...)\nwithout extending any core JavaScript objects.\n\nFor Docs, License, Tests, and pre-packed downloads, see:\nhttp://underscorejs.org\n\nUnderscore is an open-sourced component of DocumentCloud:\nhttps://github.com/documentcloud\n\nMany thanks to our contributors:\nhttps://github.com/jashkenas/underscore/contributors\n',
399 silly resolved     readmeFilename: 'README.md',
399 silly resolved     bugs: { url: 'https://github.com/jashkenas/underscore/issues' },
399 silly resolved     _id: 'underscore@1.5.2',
399 silly resolved     _from: 'underscore@~1.5.1' },
399 silly resolved   { name: 'nopt',
399 silly resolved     version: '2.1.2',
399 silly resolved     description: 'Option parsing for Node, supporting types, shorthands, etc. Used by npm.',
399 silly resolved     author:
399 silly resolved      { name: 'Isaac Z. Schlueter',
399 silly resolved        email: 'i@izs.me',
399 silly resolved        url: 'http://blog.izs.me/' },
399 silly resolved     main: 'lib/nopt.js',
399 silly resolved     scripts: { test: 'node lib/nopt.js' },
399 silly resolved     repository: { type: 'git', url: 'http://github.com/isaacs/nopt' },
399 silly resolved     bin: { nopt: './bin/nopt.js' },
399 silly resolved     license:
399 silly resolved      { type: 'MIT',
399 silly resolved        url: 'https://github.com/isaacs/nopt/raw/master/LICENSE' },
399 silly resolved     dependencies: { abbrev: '1' },
399 silly resolved     readme: 'If you want to write an option parser, and have it be good, there are\ntwo ways to do it.  The Right Way, and the Wrong Way.\n\nThe Wrong Way is to sit down and write an option parser.  We\'ve all done\nthat.\n\nThe Right Way is to write some complex configurable program with so many\noptions that you go half-insane just trying to manage them all, and put\nit off with duct-tape solutions until you see exactly to the core of the\nproblem, and finally snap and write an awesome option parser.\n\nIf you want to write an option parser, don\'t write an option parser.\nWrite a package manager, or a source control system, or a service\nrestarter, or an operating system.  You probably won\'t end up with a\ngood one of those, but if you don\'t give up, and you are relentless and\ndiligent enough in your procrastination, you may just end up with a very\nnice option parser.\n\n## USAGE\n\n    // my-program.js\n    var nopt = require("nopt")\n      , Stream = require("stream").Stream\n      , path = require("path")\n      , knownOpts = { "foo" : [String, null]\n                    , "bar" : [Stream, Number]\n                    , "baz" : path\n                    , "bloo" : [ "big", "medium", "small" ]\n                    , "flag" : Boolean\n                    , "pick" : Boolean\n                    , "many" : [String, Array]\n                    }\n      , shortHands = { "foofoo" : ["--foo", "Mr. Foo"]\n                     , "b7" : ["--bar", "7"]\n                     , "m" : ["--bloo", "medium"]\n                     , "p" : ["--pick"]\n                     , "f" : ["--flag"]\n                     }\n                 // everything is optional.\n                 // knownOpts and shorthands default to {}\n                 // arg list defaults to process.argv\n                 // slice defaults to 2\n      , parsed = nopt(knownOpts, shortHands, process.argv, 2)\n    console.log(parsed)\n\nThis would give you support for any of the following:\n\n```bash\n$ node my-program.js --foo "blerp" --no-flag\n{ "foo" : "blerp", "flag" : false }\n\n$ node my-program.js ---bar 7 --foo "Mr. Hand" --flag\n{ bar: 7, foo: "Mr. Hand", flag: true }\n\n$ node my-program.js --foo "blerp" -f -----p\n{ foo: "blerp", flag: true, pick: true }\n\n$ node my-program.js -fp --foofoo\n{ foo: "Mr. Foo", flag: true, pick: true }\n\n$ node my-program.js --foofoo -- -fp  # -- stops the flag parsing.\n{ foo: "Mr. Foo", argv: { remain: ["-fp"] } }\n\n$ node my-program.js --blatzk 1000 -fp # unknown opts are ok.\n{ blatzk: 1000, flag: true, pick: true }\n\n$ node my-program.js --blatzk true -fp # but they need a value\n{ blatzk: true, flag: true, pick: true }\n\n$ node my-program.js --no-blatzk -fp # unless they start with "no-"\n{ blatzk: false, flag: true, pick: true }\n\n$ node my-program.js --baz b/a/z # known paths are resolved.\n{ baz: "/Users/isaacs/b/a/z" }\n\n# if Array is one of the types, then it can take many\n# values, and will always be an array.  The other types provided\n# specify what types are allowed in the list.\n\n$ node my-program.js --many 1 --many null --many foo\n{ many: ["1", "null", "foo"] }\n\n$ node my-program.js --many foo\n{ many: ["foo"] }\n```\n\nRead the tests at the bottom of `lib/nopt.js` for more examples of\nwhat this puppy can do.\n\n## Types\n\nThe following types are supported, and defined on `nopt.typeDefs`\n\n* String: A normal string.  No parsing is done.\n* path: A file system path.  Gets resolved against cwd if not absolute.\n* url: A url.  If it doesn\'t parse, it isn\'t accepted.\n* Number: Must be numeric.\n* Date: Must parse as a date. If it does, and `Date` is one of the options,\n  then it will return a Date object, not a string.\n* Boolean: Must be either `true` or `false`.  If an option is a boolean,\n  then it does not need a value, and its presence will imply `true` as\n  the value.  To negate boolean flags, do `--no-whatever` or `--whatever\n  false`\n* NaN: Means that the option is strictly not allowed.  Any value will\n  fail.\n* Stream: An object matching the "Stream" class in node.  Valuable\n  for use when validating programmatically.  (npm uses this to let you\n  supply any WriteStream on the `outfd` and `logfd` config options.)\n* Array: If `Array` is specified as one of the types, then the value\n  will be parsed as a list of options.  This means that multiple values\n  can be specified, and that the value will always be an array.\n\nIf a type is an array of values not on this list, then those are\nconsidered valid values.  For instance, in the example above, the\n`--bloo` option can only be one of `"big"`, `"medium"`, or `"small"`,\nand any other value will be rejected.\n\nWhen parsing unknown fields, `"true"`, `"false"`, and `"null"` will be\ninterpreted as their JavaScript equivalents, and numeric values will be\ninterpreted as a number.\n\nYou can also mix types and values, or multiple types, in a list.  For\ninstance `{ blah: [Number, null] }` would allow a value to be set to\neither a Number or null.  When types are ordered, this implies a\npreference, and the first type that can be used to properly interpret\nthe value will be used.\n\nTo define a new type, add it to `nopt.typeDefs`.  Each item in that\nhash is an object with a `type` member and a `validate` method.  The\n`type` member is an object that matches what goes in the type list.  The\n`validate` method is a function that gets called with `validate(data,\nkey, val)`.  Validate methods should assign `data[key]` to the valid\nvalue of `val` if it can be handled properly, or return boolean\n`false` if it cannot.\n\nYou can also call `nopt.clean(data, types, typeDefs)` to clean up a\nconfig object and remove its invalid properties.\n\n## Error Handling\n\nBy default, nopt outputs a warning to standard error when invalid\noptions are found.  You can change this behavior by assigning a method\nto `nopt.invalidHandler`.  This method will be called with\nthe offending `nopt.invalidHandler(key, val, types)`.\n\nIf no `nopt.invalidHandler` is assigned, then it will console.error\nits whining.  If it is assigned to boolean `false` then the warning is\nsuppressed.\n\n## Abbreviations\n\nYes, they are supported.  If you define options like this:\n\n```javascript\n{ "foolhardyelephants" : Boolean\n, "pileofmonkeys" : Boolean }\n```\n\nThen this will work:\n\n```bash\nnode program.js --foolhar --pil\nnode program.js --no-f --pileofmon\n# etc.\n```\n\n## Shorthands\n\nShorthands are a hash of shorter option names to a snippet of args that\nthey expand to.\n\nIf multiple one-character shorthands are all combined, and the\ncombination does not unambiguously match any other option or shorthand,\nthen they will be broken up into their constituent parts.  For example:\n\n```json\n{ "s" : ["--loglevel", "silent"]\n, "g" : "--global"\n, "f" : "--force"\n, "p" : "--parseable"\n, "l" : "--long"\n}\n```\n\n```bash\nnpm ls -sgflp\n# just like doing this:\nnpm ls --loglevel silent --global --force --long --parseable\n```\n\n## The Rest of the args\n\nThe config object returned by nopt is given a special member called\n`argv`, which is an object with the following fields:\n\n* `remain`: The remaining args after all the parsing has occurred.\n* `original`: The args as they originally appeared.\n* `cooked`: The args after flags and shorthands are expanded.\n\n## Slicing\n\nNode programs are called with more or less the exact argv as it appears\nin C land, after the v8 and node-specific options have been plucked off.\nAs such, `argv[0]` is always `node` and `argv[1]` is always the\nJavaScript program being run.\n\nThat\'s usually not very useful to you.  So they\'re sliced off by\ndefault.  If you want them, then you can pass in `0` as the last\nargument, or any other number that you\'d like to slice off the start of\nthe list.\n',
399 silly resolved     readmeFilename: 'README.md',
399 silly resolved     bugs: { url: 'https://github.com/isaacs/nopt/issues' },
399 silly resolved     homepage: 'https://github.com/isaacs/nopt',
399 silly resolved     _id: 'nopt@2.1.2',
399 silly resolved     _from: 'nopt@~2.1.1' },
399 silly resolved   { name: 'coffee-script',
399 silly resolved     description: 'Unfancy JavaScript',
399 silly resolved     keywords: [ 'javascript', 'language', 'coffeescript', 'compiler' ],
399 silly resolved     author: { name: 'Jeremy Ashkenas' },
399 silly resolved     version: '1.6.3',
399 silly resolved     licenses: [ [Object] ],
399 silly resolved     engines: { node: '>=0.8.0' },
399 silly resolved     directories: { lib: './lib/coffee-script' },
399 silly resolved     main: './lib/coffee-script/coffee-script',
399 silly resolved     bin: { coffee: './bin/coffee', cake: './bin/cake' },
399 silly resolved     scripts: { test: 'node ./bin/cake test' },
399 silly resolved     homepage: 'http://coffeescript.org',
399 silly resolved     bugs: { url: 'https://github.com/jashkenas/coffee-script/issues' },
399 silly resolved     repository:
399 silly resolved      { type: 'git',
399 silly resolved        url: 'git://github.com/jashkenas/coffee-script.git' },
399 silly resolved     devDependencies: { 'uglify-js': '~2.2', jison: '>=0.2.0' },
399 silly resolved     readme: '\n            {\n         }   }   {\n        {   {  }  }\n         }   }{  {\n        {  }{  }  }                    _____       __  __\n       ( }{ }{  { )                   / ____|     / _|/ _|\n     .- { { }  { }} -.               | |     ___ | |_| |_ ___  ___\n    (  ( } { } { } }  )              | |    / _ \\|  _|  _/ _ \\/ _ \\\n    |`-..________ ..-\'|              | |___| (_) | | | ||  __/  __/\n    |                 |               \\_____\\___/|_| |_| \\___|\\___|\n    |                 ;--.\n    |                (__  \\            _____           _       _\n    |                 | )  )          / ____|         (_)     | |\n    |                 |/  /          | (___   ___ _ __ _ _ __ | |_\n    |                 (  /            \\___ \\ / __| \'__| | \'_ \\| __|\n    |                 |/              ____) | (__| |  | | |_) | |_\n    |                 |              |_____/ \\___|_|  |_| .__/ \\__|\n     `-.._________..-\'                                  | |\n                                                        |_|\n\n\n  CoffeeScript is a little language that compiles into JavaScript.\n\n  Install Node.js, and then the CoffeeScript compiler:\n  sudo bin/cake install\n\n  Or, if you have the Node Package Manager installed:\n  npm install -g coffee-script\n  (Leave off the -g if you don\'t wish to install globally.)\n\n  Execute a script:\n  coffee /path/to/script.coffee\n\n  Compile a script:\n  coffee -c /path/to/script.coffee\n\n  For documentation, usage, and examples, see:\n  http://coffeescript.org/\n\n  To suggest a feature, report a bug, or general discussion:\n  http://github.com/jashkenas/coffee-script/issues/\n\n  If you\'d like to chat, drop by #coffeescript on Freenode IRC,\n  or on webchat.freenode.net.\n\n  The source repository:\n  git://github.com/jashkenas/coffee-script.git\n\n  All contributors are listed here:\n  http://github.com/jashkenas/coffee-script/contributors\n',
399 silly resolved     readmeFilename: 'README',
399 silly resolved     _id: 'coffee-script@1.6.3',
399 silly resolved     _from: 'coffee-script@~1.6.2' },
399 silly resolved   { name: 'file',
399 silly resolved     description: 'Higher level path and file manipulation functions.',
399 silly resolved     tags: [ 'file', 'path', 'fs', 'walk' ],
399 silly resolved     version: '0.2.2',
399 silly resolved     author: { name: 'Anders Conbere', email: 'aconbere@gmail.com' },
399 silly resolved     directories: { lib: 'lib' },
399 silly resolved     repository:
399 silly resolved      { type: 'git',
399 silly resolved        url: 'http://github.com/aconbere/node-file-utils.git' },
399 silly resolved     bugs: { url: 'http://github.com/aconbere/node-file-utils' },
399 silly resolved     main: './lib/file',
399 silly resolved     license: 'MIT',
399 silly resolved     devDependencies: { mocha: '1.9.x' },
399 silly resolved     readme: '# File - Common higher level file and path operations\n\n## Install\n\n<pre>\n  npm install file\n</pre>\n\n<pre>\n  var file = require("file");\n</pre>\n\n## API\n\n### file.walk(start, callback)\n\nNavigates a file tree, calling callback for each directory, passing in (null, dirPath, dirs, files).\n\n\n### file.walkSync(start, callback)\n\nSynchronus version of file.walk, calling callback for each directory, passing in (dirPath, dirs, files).\n\n\n### file.mkdirs(path, mode, callback)\n\nMakes all the directories in a path. (analgous to mkdir -P) For example given a path like "test/this/path" in an empty directory, mkdirs would make the directories "test", "this" and "path".\n\n\n### file.mkdirsSync(path, mode)\n\nLike file.mkdirs but synchronous.\n\n\n### file.path.abspath(path)\n\nExpands ".", "..", "~" and non root paths to their full absolute path. Relative paths default to being children of the current working directory.\n\n\n### file.path.relativePath(root, fullPath)\n\nGiven a root path, and a fullPath attempts to diff between the two to give us an acurate path relative to root.\n\n\n### file.path.join(head, tail)\n\nJust like path.join but haves a little more sanely when give a head equal to "". file.path.join("", "tail") returns "tail", path.join("", "tail") returns "/tail"\n',
399 silly resolved     readmeFilename: 'README.md',
399 silly resolved     homepage: 'https://github.com/aconbere/node-file-utils',
399 silly resolved     _id: 'file@0.2.2',
399 silly resolved     dist: { shasum: 'c3dfd8f8cf3535ae455c2b423c2e52635d76b4d3' },
399 silly resolved     _from: 'file@~0.2.1',
399 silly resolved     _resolved: 'https://registry.npmjs.org/file/-/file-0.2.2.tgz' } ]
400 info install underscore@1.5.2 into /usr/local/lib/node_modules/js2coffee
401 info install nopt@2.1.2 into /usr/local/lib/node_modules/js2coffee
402 info install coffee-script@1.6.3 into /usr/local/lib/node_modules/js2coffee
403 info install file@0.2.2 into /usr/local/lib/node_modules/js2coffee
404 info installOne underscore@1.5.2
405 info installOne nopt@2.1.2
406 info installOne coffee-script@1.6.3
407 info installOne file@0.2.2
408 info /usr/local/lib/node_modules/js2coffee/node_modules/underscore unbuild
409 info /usr/local/lib/node_modules/js2coffee/node_modules/nopt unbuild
410 info /usr/local/lib/node_modules/js2coffee/node_modules/coffee-script unbuild
411 info /usr/local/lib/node_modules/js2coffee/node_modules/file unbuild
412 verbose tar unpack /Users/jonniespratley/.npm/underscore/1.5.2/package.tgz
413 silly lockFile 5eed1e1c-s2coffee-node-modules-underscore tar:///usr/local/lib/node_modules/js2coffee/node_modules/underscore
414 verbose lock tar:///usr/local/lib/node_modules/js2coffee/node_modules/underscore /Users/jonniespratley/.npm/5eed1e1c-s2coffee-node-modules-underscore.lock
415 silly lockFile 2286a5e8-npm-underscore-1-5-2-package-tgz tar:///Users/jonniespratley/.npm/underscore/1.5.2/package.tgz
416 verbose lock tar:///Users/jonniespratley/.npm/underscore/1.5.2/package.tgz /Users/jonniespratley/.npm/2286a5e8-npm-underscore-1-5-2-package-tgz.lock
417 verbose tar unpack /Users/jonniespratley/.npm/nopt/2.1.2/package.tgz
418 silly lockFile 54230d4b-ules-js2coffee-node-modules-nopt tar:///usr/local/lib/node_modules/js2coffee/node_modules/nopt
419 verbose lock tar:///usr/local/lib/node_modules/js2coffee/node_modules/nopt /Users/jonniespratley/.npm/54230d4b-ules-js2coffee-node-modules-nopt.lock
420 silly lockFile 18cb21b6-atley-npm-nopt-2-1-2-package-tgz tar:///Users/jonniespratley/.npm/nopt/2.1.2/package.tgz
421 verbose lock tar:///Users/jonniespratley/.npm/nopt/2.1.2/package.tgz /Users/jonniespratley/.npm/18cb21b6-atley-npm-nopt-2-1-2-package-tgz.lock
422 verbose tar unpack /Users/jonniespratley/.npm/coffee-script/1.6.3/package.tgz
423 silly lockFile f9182af9-offee-node-modules-coffee-script tar:///usr/local/lib/node_modules/js2coffee/node_modules/coffee-script
424 verbose lock tar:///usr/local/lib/node_modules/js2coffee/node_modules/coffee-script /Users/jonniespratley/.npm/f9182af9-offee-node-modules-coffee-script.lock
425 silly lockFile 97a1ec4e--coffee-script-1-6-3-package-tgz tar:///Users/jonniespratley/.npm/coffee-script/1.6.3/package.tgz
426 verbose lock tar:///Users/jonniespratley/.npm/coffee-script/1.6.3/package.tgz /Users/jonniespratley/.npm/97a1ec4e--coffee-script-1-6-3-package-tgz.lock
427 verbose tar unpack /Users/jonniespratley/.npm/file/0.2.2/package.tgz
428 silly lockFile 45e0c589-ules-js2coffee-node-modules-file tar:///usr/local/lib/node_modules/js2coffee/node_modules/file
429 verbose lock tar:///usr/local/lib/node_modules/js2coffee/node_modules/file /Users/jonniespratley/.npm/45e0c589-ules-js2coffee-node-modules-file.lock
430 silly lockFile 8ab6d5f5-atley-npm-file-0-2-2-package-tgz tar:///Users/jonniespratley/.npm/file/0.2.2/package.tgz
431 verbose lock tar:///Users/jonniespratley/.npm/file/0.2.2/package.tgz /Users/jonniespratley/.npm/8ab6d5f5-atley-npm-file-0-2-2-package-tgz.lock
432 silly gunzTarPerm modes [ '755', '644' ]
433 silly gunzTarPerm modes [ '755', '644' ]
434 silly gunzTarPerm modes [ '755', '644' ]
435 silly gunzTarPerm modes [ '755', '644' ]
436 silly gunzTarPerm extractEntry package.json
437 silly gunzTarPerm extractEntry package.json
438 silly gunzTarPerm extractEntry package.json
439 silly gunzTarPerm extractEntry package.json
440 silly gunzTarPerm extractEntry README.md
441 silly gunzTarPerm extractEntry LICENSE
442 silly gunzTarPerm extractEntry .npmignore
443 silly gunzTarPerm extractEntry README.md
444 silly gunzTarPerm extractEntry .npmignore
445 silly gunzTarPerm extractEntry README.md
446 silly gunzTarPerm extractEntry .npmignore
447 silly gunzTarPerm extractEntry README
448 silly gunzTarPerm extractEntry LICENSE
449 silly gunzTarPerm extractEntry bin/nopt.js
450 silly gunzTarPerm extractEntry LICENSE
451 silly gunzTarPerm extractEntry lib/file.js
452 silly gunzTarPerm extractEntry underscore-min.js
453 silly gunzTarPerm extractEntry underscore.js
454 silly gunzTarPerm extractEntry LICENSE
455 silly gunzTarPerm extractEntry CNAME
456 silly gunzTarPerm extractEntry tests/file_spec.js
457 silly gunzTarPerm extractEntry examples/my-program.js
458 silly gunzTarPerm extractEntry lib/nopt.js
459 silly gunzTarPerm extractEntry CONTRIBUTING.md
460 silly gunzTarPerm extractEntry Rakefile
461 silly gunzTarPerm extractEntry bin/cake
462 silly gunzTarPerm extractEntry bin/coffee
463 silly gunzTarPerm extractEntry lib/coffee-script/browser.js
464 silly gunzTarPerm extractEntry lib/coffee-script/grammar.js
465 silly gunzTarPerm extractEntry lib/coffee-script/helpers.js
466 silly gunzTarPerm extractEntry lib/coffee-script/index.js
467 silly gunzTarPerm extractEntry lib/coffee-script/command.js
468 silly gunzTarPerm extractEntry lib/coffee-script/nodes.js
469 silly gunzTarPerm extractEntry lib/coffee-script/optparse.js
470 silly gunzTarPerm extractEntry lib/coffee-script/parser.js
471 silly lockFile 45e0c589-ules-js2coffee-node-modules-file tar:///usr/local/lib/node_modules/js2coffee/node_modules/file
472 silly lockFile 45e0c589-ules-js2coffee-node-modules-file tar:///usr/local/lib/node_modules/js2coffee/node_modules/file
473 silly lockFile 8ab6d5f5-atley-npm-file-0-2-2-package-tgz tar:///Users/jonniespratley/.npm/file/0.2.2/package.tgz
474 silly lockFile 8ab6d5f5-atley-npm-file-0-2-2-package-tgz tar:///Users/jonniespratley/.npm/file/0.2.2/package.tgz
475 silly gunzTarPerm extractEntry lib/coffee-script/repl.js
476 silly gunzTarPerm extractEntry lib/coffee-script/rewriter.js
477 info preinstall file@0.2.2
478 verbose readDependencies using package.json deps
479 verbose readDependencies using package.json deps
480 silly resolved []
481 verbose about to build /usr/local/lib/node_modules/js2coffee/node_modules/file
482 info build /usr/local/lib/node_modules/js2coffee/node_modules/file
483 verbose linkStuff [ true,
483 verbose linkStuff   '/usr/local/lib/node_modules',
483 verbose linkStuff   false,
483 verbose linkStuff   '/usr/local/lib/node_modules/js2coffee/node_modules' ]
484 info linkStuff file@0.2.2
485 silly gunzTarPerm extractEntry lib/coffee-script/coffee-script.js
486 silly gunzTarPerm extractEntry lib/coffee-script/scope.js
487 verbose linkBins file@0.2.2
488 verbose linkMans file@0.2.2
489 verbose rebuildBundles file@0.2.2
490 info install file@0.2.2
491 info postinstall file@0.2.2
492 silly gunzTarPerm extractEntry lib/coffee-script/cake.js
493 silly gunzTarPerm extractEntry lib/coffee-script/sourcemap.js
494 silly lockFile 54230d4b-ules-js2coffee-node-modules-nopt tar:///usr/local/lib/node_modules/js2coffee/node_modules/nopt
495 silly lockFile 54230d4b-ules-js2coffee-node-modules-nopt tar:///usr/local/lib/node_modules/js2coffee/node_modules/nopt
496 silly lockFile 18cb21b6-atley-npm-nopt-2-1-2-package-tgz tar:///Users/jonniespratley/.npm/nopt/2.1.2/package.tgz
497 silly lockFile 18cb21b6-atley-npm-nopt-2-1-2-package-tgz tar:///Users/jonniespratley/.npm/nopt/2.1.2/package.tgz
498 info preinstall nopt@2.1.2
499 verbose readDependencies using package.json deps
500 verbose readDependencies using package.json deps
501 verbose cache add [ 'abbrev@1', null ]
502 verbose cache add name=undefined spec="abbrev@1" args=["abbrev@1",null]
503 verbose parsed url { protocol: null,
503 verbose parsed url   slashes: null,
503 verbose parsed url   auth: null,
503 verbose parsed url   host: null,
503 verbose parsed url   port: null,
503 verbose parsed url   hostname: null,
503 verbose parsed url   hash: null,
503 verbose parsed url   search: null,
503 verbose parsed url   query: null,
503 verbose parsed url   pathname: 'abbrev@1',
503 verbose parsed url   path: 'abbrev@1',
503 verbose parsed url   href: 'abbrev@1' }
504 verbose cache add name="abbrev" spec="1" args=["abbrev","1"]
505 verbose parsed url { protocol: null,
505 verbose parsed url   slashes: null,
505 verbose parsed url   auth: null,
505 verbose parsed url   host: null,
505 verbose parsed url   port: null,
505 verbose parsed url   hostname: null,
505 verbose parsed url   hash: null,
505 verbose parsed url   search: null,
505 verbose parsed url   query: null,
505 verbose parsed url   pathname: '1',
505 verbose parsed url   path: '1',
505 verbose parsed url   href: '1' }
506 verbose addNamed [ 'abbrev', '1' ]
507 verbose addNamed [ null, '>=1.0.0-0 <2.0.0-0' ]
508 silly lockFile 6830b531-abbrev-1 abbrev@1
509 verbose lock abbrev@1 /Users/jonniespratley/.npm/6830b531-abbrev-1.lock
510 silly addNameRange { name: 'abbrev', range: '>=1.0.0-0 <2.0.0-0', hasData: false }
511 silly gunzTarPerm extractEntry lib/coffee-script/lexer.js
512 silly lockFile 5eed1e1c-s2coffee-node-modules-underscore tar:///usr/local/lib/node_modules/js2coffee/node_modules/underscore
513 silly lockFile 5eed1e1c-s2coffee-node-modules-underscore tar:///usr/local/lib/node_modules/js2coffee/node_modules/underscore
514 verbose url raw abbrev
515 verbose url resolving [ 'https://registry.npmjs.org/', './abbrev' ]
516 verbose url resolved https://registry.npmjs.org/abbrev
517 info trying registry request attempt 1 at 18:20:30
518 verbose etag "93NRAXKXR6N49T9GVX0TRYLX8"
519 http GET https://registry.npmjs.org/abbrev
520 silly lockFile 2286a5e8-npm-underscore-1-5-2-package-tgz tar:///Users/jonniespratley/.npm/underscore/1.5.2/package.tgz
521 silly lockFile 2286a5e8-npm-underscore-1-5-2-package-tgz tar:///Users/jonniespratley/.npm/underscore/1.5.2/package.tgz
522 info preinstall underscore@1.5.2
523 verbose readDependencies using package.json deps
524 verbose readDependencies using package.json deps
525 silly resolved []
526 verbose about to build /usr/local/lib/node_modules/js2coffee/node_modules/underscore
527 info build /usr/local/lib/node_modules/js2coffee/node_modules/underscore
528 verbose linkStuff [ true,
528 verbose linkStuff   '/usr/local/lib/node_modules',
528 verbose linkStuff   false,
528 verbose linkStuff   '/usr/local/lib/node_modules/js2coffee/node_modules' ]
529 info linkStuff underscore@1.5.2
530 verbose linkBins underscore@1.5.2
531 verbose linkMans underscore@1.5.2
532 verbose rebuildBundles underscore@1.5.2
533 info install underscore@1.5.2
534 info postinstall underscore@1.5.2
535 silly lockFile f9182af9-offee-node-modules-coffee-script tar:///usr/local/lib/node_modules/js2coffee/node_modules/coffee-script
536 silly lockFile f9182af9-offee-node-modules-coffee-script tar:///usr/local/lib/node_modules/js2coffee/node_modules/coffee-script
537 silly lockFile 97a1ec4e--coffee-script-1-6-3-package-tgz tar:///Users/jonniespratley/.npm/coffee-script/1.6.3/package.tgz
538 silly lockFile 97a1ec4e--coffee-script-1-6-3-package-tgz tar:///Users/jonniespratley/.npm/coffee-script/1.6.3/package.tgz
539 info preinstall coffee-script@1.6.3
540 verbose readDependencies using package.json deps
541 verbose readDependencies using package.json deps
542 silly resolved []
543 verbose about to build /usr/local/lib/node_modules/js2coffee/node_modules/coffee-script
544 info build /usr/local/lib/node_modules/js2coffee/node_modules/coffee-script
545 verbose linkStuff [ true,
545 verbose linkStuff   '/usr/local/lib/node_modules',
545 verbose linkStuff   false,
545 verbose linkStuff   '/usr/local/lib/node_modules/js2coffee/node_modules' ]
546 info linkStuff coffee-script@1.6.3
547 verbose linkBins coffee-script@1.6.3
548 verbose link bins [ { coffee: './bin/coffee', cake: './bin/cake' },
548 verbose link bins   '/usr/local/lib/node_modules/js2coffee/node_modules/.bin',
548 verbose link bins   false ]
549 verbose linkMans coffee-script@1.6.3
550 verbose rebuildBundles coffee-script@1.6.3
551 info install coffee-script@1.6.3
552 info postinstall coffee-script@1.6.3
553 http 304 https://registry.npmjs.org/abbrev
554 silly registry.get cb [ 304,
554 silly registry.get   { date: 'Thu, 20 Mar 2014 01:20:30 GMT',
554 silly registry.get     server: 'Apache',
554 silly registry.get     via: '1.1 varnish',
554 silly registry.get     'last-modified': 'Thu, 20 Mar 2014 01:20:30 GMT',
554 silly registry.get     'cache-control': 'max-age=1',
554 silly registry.get     etag: '"93NRAXKXR6N49T9GVX0TRYLX8"',
554 silly registry.get     'x-served-by': 'cache-lax1420-LAX',
554 silly registry.get     'x-cache': 'HIT',
554 silly registry.get     'x-cache-hits': '1',
554 silly registry.get     'x-timer': 'S1395278430.692887783,VS0,VE64',
554 silly registry.get     vary: 'Accept',
554 silly registry.get     'content-length': '0',
554 silly registry.get     'keep-alive': 'timeout=10, max=50',
554 silly registry.get     connection: 'Keep-Alive' } ]
555 verbose etag abbrev from cache
556 silly addNameRange number 2 { name: 'abbrev', range: '>=1.0.0-0 <2.0.0-0', hasData: true }
557 silly addNameRange versions [ 'abbrev', [ '1.0.3', '1.0.4' ] ]
558 verbose addNamed [ 'abbrev', '1.0.4' ]
559 verbose addNamed [ '1.0.4', '1.0.4' ]
560 silly lockFile 64a4e3a6-abbrev-1-0-4 abbrev@1.0.4
561 verbose lock abbrev@1.0.4 /Users/jonniespratley/.npm/64a4e3a6-abbrev-1-0-4.lock
562 silly lockFile 64a4e3a6-abbrev-1-0-4 abbrev@1.0.4
563 silly lockFile 64a4e3a6-abbrev-1-0-4 abbrev@1.0.4
564 silly lockFile 6830b531-abbrev-1 abbrev@1
565 silly lockFile 6830b531-abbrev-1 abbrev@1
566 silly resolved [ { name: 'abbrev',
566 silly resolved     version: '1.0.4',
566 silly resolved     description: 'Like ruby\'s abbrev module, but in js',
566 silly resolved     author: { name: 'Isaac Z. Schlueter', email: 'i@izs.me' },
566 silly resolved     main: './lib/abbrev.js',
566 silly resolved     scripts: { test: 'node lib/abbrev.js' },
566 silly resolved     repository: { type: 'git', url: 'http://github.com/isaacs/abbrev-js' },
566 silly resolved     license:
566 silly resolved      { type: 'MIT',
566 silly resolved        url: 'https://github.com/isaacs/abbrev-js/raw/master/LICENSE' },
566 silly resolved     readme: '# abbrev-js\n\nJust like [ruby\'s Abbrev](http://apidock.com/ruby/Abbrev).\n\nUsage:\n\n    var abbrev = require("abbrev");\n    abbrev("foo", "fool", "folding", "flop");\n    \n    // returns:\n    { fl: \'flop\'\n    , flo: \'flop\'\n    , flop: \'flop\'\n    , fol: \'folding\'\n    , fold: \'folding\'\n    , foldi: \'folding\'\n    , foldin: \'folding\'\n    , folding: \'folding\'\n    , foo: \'foo\'\n    , fool: \'fool\'\n    }\n\nThis is handy for command-line scripts, or other cases where you want to be able to accept shorthands.\n',
566 silly resolved     readmeFilename: 'README.md',
566 silly resolved     bugs: { url: 'https://github.com/isaacs/abbrev-js/issues' },
566 silly resolved     homepage: 'https://github.com/isaacs/abbrev-js',
566 silly resolved     _id: 'abbrev@1.0.4',
566 silly resolved     _from: 'abbrev@1' } ]
567 info install abbrev@1.0.4 into /usr/local/lib/node_modules/js2coffee/node_modules/nopt
568 info installOne abbrev@1.0.4
569 info /usr/local/lib/node_modules/js2coffee/node_modules/nopt/node_modules/abbrev unbuild
570 verbose tar unpack /Users/jonniespratley/.npm/abbrev/1.0.4/package.tgz
571 silly lockFile 50039fc3-modules-nopt-node-modules-abbrev tar:///usr/local/lib/node_modules/js2coffee/node_modules/nopt/node_modules/abbrev
572 verbose lock tar:///usr/local/lib/node_modules/js2coffee/node_modules/nopt/node_modules/abbrev /Users/jonniespratley/.npm/50039fc3-modules-nopt-node-modules-abbrev.lock
573 silly lockFile 6fa09dd6-ley-npm-abbrev-1-0-4-package-tgz tar:///Users/jonniespratley/.npm/abbrev/1.0.4/package.tgz
574 verbose lock tar:///Users/jonniespratley/.npm/abbrev/1.0.4/package.tgz /Users/jonniespratley/.npm/6fa09dd6-ley-npm-abbrev-1-0-4-package-tgz.lock
575 silly gunzTarPerm modes [ '755', '644' ]
576 silly gunzTarPerm extractEntry package.json
577 silly gunzTarPerm extractEntry README.md
578 silly gunzTarPerm extractEntry LICENSE
579 silly gunzTarPerm extractEntry lib/abbrev.js
580 silly lockFile 50039fc3-modules-nopt-node-modules-abbrev tar:///usr/local/lib/node_modules/js2coffee/node_modules/nopt/node_modules/abbrev
581 silly lockFile 50039fc3-modules-nopt-node-modules-abbrev tar:///usr/local/lib/node_modules/js2coffee/node_modules/nopt/node_modules/abbrev
582 silly lockFile 6fa09dd6-ley-npm-abbrev-1-0-4-package-tgz tar:///Users/jonniespratley/.npm/abbrev/1.0.4/package.tgz
583 silly lockFile 6fa09dd6-ley-npm-abbrev-1-0-4-package-tgz tar:///Users/jonniespratley/.npm/abbrev/1.0.4/package.tgz
584 info preinstall abbrev@1.0.4
585 verbose readDependencies using package.json deps
586 verbose readDependencies using package.json deps
587 silly resolved []
588 verbose about to build /usr/local/lib/node_modules/js2coffee/node_modules/nopt/node_modules/abbrev
589 info build /usr/local/lib/node_modules/js2coffee/node_modules/nopt/node_modules/abbrev
590 verbose linkStuff [ true,
590 verbose linkStuff   '/usr/local/lib/node_modules',
590 verbose linkStuff   false,
590 verbose linkStuff   '/usr/local/lib/node_modules/js2coffee/node_modules/nopt/node_modules' ]
591 info linkStuff abbrev@1.0.4
592 verbose linkBins abbrev@1.0.4
593 verbose linkMans abbrev@1.0.4
594 verbose rebuildBundles abbrev@1.0.4
595 info install abbrev@1.0.4
596 info postinstall abbrev@1.0.4
597 verbose about to build /usr/local/lib/node_modules/js2coffee/node_modules/nopt
598 info build /usr/local/lib/node_modules/js2coffee/node_modules/nopt
599 verbose linkStuff [ true,
599 verbose linkStuff   '/usr/local/lib/node_modules',
599 verbose linkStuff   false,
599 verbose linkStuff   '/usr/local/lib/node_modules/js2coffee/node_modules' ]
600 info linkStuff nopt@2.1.2
601 verbose linkBins nopt@2.1.2
602 verbose link bins [ { nopt: './bin/nopt.js' },
602 verbose link bins   '/usr/local/lib/node_modules/js2coffee/node_modules/.bin',
602 verbose link bins   false ]
603 verbose linkMans nopt@2.1.2
604 verbose rebuildBundles nopt@2.1.2
605 verbose rebuildBundles [ 'abbrev' ]
606 info install nopt@2.1.2
607 info postinstall nopt@2.1.2
608 verbose about to build /usr/local/lib/node_modules/js2coffee
609 info build /usr/local/lib/node_modules/js2coffee
610 verbose linkStuff [ true,
610 verbose linkStuff   '/usr/local/lib/node_modules',
610 verbose linkStuff   true,
610 verbose linkStuff   '/usr/local/lib/node_modules' ]
611 info linkStuff js2coffee@0.2.7
612 verbose linkBins js2coffee@0.2.7
613 verbose link bins [ { js2coffee: './out/bin/js2coffee' }, '/usr/local/bin', true ]
614 verbose linkMans js2coffee@0.2.7
615 verbose rebuildBundles js2coffee@0.2.7
616 verbose rebuildBundles [ '.bin', 'coffee-script', 'file', 'nopt', 'underscore' ]
617 info install js2coffee@0.2.7
618 info postinstall js2coffee@0.2.7
619 error peerinvalid The package generator-karma does not satisfy its siblings' peerDependencies requirements!
619 error peerinvalid Peer generator-angular@0.7.1 wants generator-karma@~0.6.0
620 error System Darwin 13.1.0
621 error command "node" "/usr/local/bin/npm" "install" "js2coffee" "-g"
622 error cwd /WWW/Learning_Yeoman/learning-yeoman-ch6/generator-jsblog
623 error node -v v0.10.24
624 error npm -v 1.3.21
625 error code EPEERINVALID
626 verbose exit [ 1, true ]
